<?xml version="1.0" encoding="UTF-8"?>
<!-- Generated by org.testng.reporters.JUnitReportReporter -->
<testsuite hostname="LAPTOP-U4AH2AV9" name="com.org.sunbird.Table" tests="1" failures="0" timestamp="19 Aug 2017 11:16:19 GMT" time="2.080" errors="0">
  <testcase name="Handle_Dynamic_Webtable" time="2.080" classname="com.org.sunbird.Table"/>
</testsuite> <!-- com.org.sunbird.Table -->
