<?xml version="1.0" encoding="UTF-8"?>
<!-- Generated by org.testng.reporters.JUnitReportReporter -->
<testsuite hostname="Sarvan-PC" name="com.org.sunbird.Table" tests="1" failures="0" timestamp="14 Aug 2017 16:25:01 GMT" time="1.193" errors="0">
  <testcase name="Handle_Dynamic_Webtable" time="1.193" classname="com.org.sunbird.Table"/>
</testsuite> <!-- com.org.sunbird.Table -->
